{"/Users/pip/Documents/dev/practice/gatsby-typescript-tutorial/getting-started-with-type-script-in-gatsby/src/components/atoms/Title/Title.js": {"path":"/Users/pip/Documents/dev/practice/gatsby-typescript-tutorial/getting-started-with-type-script-in-gatsby/src/components/atoms/Title/Title.js","all":false,"statementMap":{"0":{"start":{"line":1,"column":0},"end":{"line":1,"column":48}},"1":{"start":{"line":2,"column":0},"end":{"line":2,"column":45}},"2":{"start":{"line":3,"column":0},"end":{"line":3,"column":46}},"3":{"start":{"line":4,"column":0},"end":{"line":4,"column":1}}},"s":{"0":1,"1":1,"2":1,"3":1},"branchMap":{"0":{"type":"branch","line":2,"loc":{"start":{"line":2,"column":15},"end":{"line":4,"column":1}},"locations":[{"start":{"line":2,"column":15},"end":{"line":4,"column":1}}]}},"b":{"0":[1]},"fnMap":{"0":{"name":"Title","decl":{"start":{"line":2,"column":15},"end":{"line":4,"column":1}},"loc":{"start":{"line":2,"column":15},"end":{"line":4,"column":1}},"line":2}},"f":{"0":1}}
}
